<?xml version="1.0" encoding="UTF-8"?>
<!-- Generated by org.testng.reporters.JUnitReportReporter -->
<testsuite hostname="TISRNT07" failures="0" tests="9" name="thinkwiseAutomation.LoginPageTest" time="0.015" errors="1" timestamp="2024-04-25T18:19:02 IST" skipped="8">
  <testcase classname="thinkwiseAutomation.LoginPageTest" name="verifySubjectPage" time="0.000">
    <skipped/>
  </testcase> <!-- verifySubjectPage -->
  <system-out/>
  <testcase classname="thinkwiseAutomation.LoginPageTest" name="emptyPage" time="0.000">
    <skipped/>
  </testcase> <!-- emptyPage -->
  <system-out/>
  <testcase classname="thinkwiseAutomation.LoginPageTest" name="validData" time="0.000">
    <skipped/>
  </testcase> <!-- validData -->
  <system-out/>
  <testcase classname="thinkwiseAutomation.LoginPageTest" name="verifyLoginTest" time="0.000">
    <skipped/>
  </testcase> <!-- verifyLoginTest -->
  <system-out/>
  <testcase classname="thinkwiseAutomation.LoginPageTest" name="verifySectionPage" time="0.000">
    <skipped/>
  </testcase> <!-- verifySectionPage -->
  <system-out/>
  <testcase classname="thinkwiseAutomation.LoginPageTest" name="verifyAcademicsPageObjects" time="0.000">
    <skipped/>
  </testcase> <!-- verifyAcademicsPageObjects -->
  <system-out/>
  <testcase classname="thinkwiseAutomation.LoginPageTest" name="launchBrowser" time="0.015">
    <error message="Cannot invoke &quot;String.equalsIgnoreCase(String)&quot; because &quot;browser&quot; is null" type="java.lang.NullPointerException">
      <![CDATA[java.lang.NullPointerException: Cannot invoke "String.equalsIgnoreCase(String)" because "browser" is null
at com.common.CommonFunctions.launchBrowser(CommonFunctions.java:45)
at java.base/jdk.internal.reflect.NativeMethodAccessorImpl.invoke0(Native Method)
at java.base/jdk.internal.reflect.NativeMethodAccessorImpl.invoke(NativeMethodAccessorImpl.java:77)
at java.base/jdk.internal.reflect.DelegatingMethodAccessorImpl.invoke(DelegatingMethodAccessorImpl.java:43)
at java.base/java.lang.reflect.Method.invoke(Method.java:568)
at org.testng.internal.MethodInvocationHelper.invokeMethod(MethodInvocationHelper.java:133)
at org.testng.internal.MethodInvocationHelper.invokeMethodConsideringTimeout(MethodInvocationHelper.java:62)
at org.testng.internal.ConfigInvoker.invokeConfigurationMethod(ConfigInvoker.java:385)
at org.testng.internal.ConfigInvoker.invokeConfigurations(ConfigInvoker.java:321)
at org.testng.SuiteRunner.privateRun(SuiteRunner.java:317)
at org.testng.SuiteRunner.run(SuiteRunner.java:276)
at org.testng.SuiteRunnerWorker.runSuite(SuiteRunnerWorker.java:53)
at org.testng.SuiteRunnerWorker.run(SuiteRunnerWorker.java:96)
at org.testng.TestNG.runSuitesSequentially(TestNG.java:1212)
at org.testng.TestNG.runSuitesLocally(TestNG.java:1134)
at org.testng.TestNG.runSuites(TestNG.java:1063)
at org.testng.TestNG.run(TestNG.java:1031)
at org.testng.remote.AbstractRemoteTestNG.run(AbstractRemoteTestNG.java:115)
at org.testng.remote.RemoteTestNG.initAndRun(RemoteTestNG.java:251)
at org.testng.remote.RemoteTestNG.main(RemoteTestNG.java:77)
]]>
    </error>
  </testcase> <!-- launchBrowser -->
  <system-out/>
  <testcase classname="thinkwiseAutomation.LoginPageTest" name="verifyManageClassPage" time="0.000">
    <skipped/>
  </testcase> <!-- verifyManageClassPage -->
  <system-out/>
  <testcase classname="thinkwiseAutomation.LoginPageTest" name="setupPage" time="0.000">
    <skipped/>
  </testcase> <!-- setupPage -->
  <system-out/>
</testsuite> <!-- thinkwiseAutomation.LoginPageTest -->
